<?xml version='1.0' encoding='utf-8'?>
<testsuites>
  <testsuite name="schema-agentic" tests="1" failures="0" skipped="0">
    <testcase classname="schema.agentic" name="valid1.json" />
  </testsuite>
  <testsuite name="schema-core_api" tests="1" failures="0" skipped="0">
    <testcase classname="schema.core_api" name="valid1.json" />
  </testsuite>
  <testsuite name="schema-cv" tests="1" failures="0" skipped="0">
    <testcase classname="schema.cv" name="valid1.json" />
  </testsuite>
  <testsuite name="schema-demo" tests="4" failures="1" skipped="0">
    <testcase classname="schema.demo" name="invalid1.json" />
    <testcase classname="schema.demo" name="valid1.json" />
    <testcase classname="schema.demo" name="invalid_parse.txt" />
    <testcase classname="schema.demo" name="valid_log.txt">
      <failure message="Schema validation failed: 'message' is a required property" />
    </testcase>
  </testsuite>
  <testsuite name="schema-llm" tests="1" failures="0" skipped="0">
    <testcase classname="schema.llm" name="valid1.json" />
  </testsuite>
  <testsuite name="schema-sample" tests="7" failures="0" skipped="0">
    <testcase classname="schema.sample" name="sample:inline[1]" />
    <testcase classname="schema.sample" name="sample:inline[2]" />
    <testcase classname="schema.sample" name="invalid1.json" />
    <testcase classname="schema.sample" name="valid1.json" />
    <testcase classname="schema.sample" name="invalid_log.txt" />
    <testcase classname="schema.sample" name="invalid_parse.txt" />
    <testcase classname="schema.sample" name="valid_json.txt" />
  </testsuite>
</testsuites>