<?xml version='1.0' encoding='utf-8'?>
<testsuites>
  <testsuite name="schema-sample" tests="7" failures="0" skipped="0">
    <testcase classname="schema.sample" name="sample:inline[1]" />
    <testcase classname="schema.sample" name="sample:inline[2]" />
    <testcase classname="schema.sample" name="invalid1.json" />
    <testcase classname="schema.sample" name="valid1.json" />
    <testcase classname="schema.sample" name="invalid_log.txt" />
    <testcase classname="schema.sample" name="invalid_parse.txt" />
    <testcase classname="schema.sample" name="valid_json.txt" />
  </testsuite>
</testsuites>