<?xml version='1.0' encoding='utf-8'?>
<testsuites>
  <testsuite name="schema-core_api" tests="30" failures="0" skipped="0">
    <testcase classname="schema.core_api" name="01_missing_required_meta.json" />
    <testcase classname="schema.core_api" name="02_missing_required_timestamp.json" />
    <testcase classname="schema.core_api" name="03_missing_raw_message_in_meta.json" />
    <testcase classname="schema.core_api" name="04_missing_error_for_failure_outcome.json" />
    <testcase classname="schema.core_api" name="05_http_missing_endpoint.json" />
    <testcase classname="schema.core_api" name="06_timeout_missing_error_for_failure.json" />
    <testcase classname="schema.core_api" name="07_exception_invalid_level.json" />
    <testcase classname="schema.core_api" name="08_startup_invalid_category.json" />
    <testcase classname="schema.core_api" name="09_build_invalid_event_type.json" />
    <testcase classname="schema.core_api" name="10_security_invalid_env.json" />
    <testcase classname="schema.core_api" name="11_invalid_safety_flag.json" />
    <testcase classname="schema.core_api" name="12_invalid_error_code_format.json" />
    <testcase classname="schema.core_api" name="13_invalid_outcome.json" />
    <testcase classname="schema.core_api" name="14_invalid_error_code_unknown.json" />
    <testcase classname="schema.core_api" name="01_http_response_with_unit_conversion.json" />
    <testcase classname="schema.core_api" name="02_exception_with_stacktrace_join.json" />
    <testcase classname="schema.core_api" name="03_startup_with_time_conversion.json" />
    <testcase classname="schema.core_api" name="04_timeout_with_multiple_units.json" />
    <testcase classname="schema.core_api" name="05_build_event_with_component.json" />
    <testcase classname="schema.core_api" name="06_security_with_safety_flags.json" />
    <testcase classname="schema.core_api" name="07_startup_event_with_version.json" />
    <testcase classname="schema.core_api" name="08_build_event_with_metadata.json" />
    <testcase classname="schema.core_api" name="09_dependency_install_event.json" />
    <testcase classname="schema.core_api" name="10_rate_limit_none_safety_flags.json" />
    <testcase classname="schema.core_api" name="11_health_check_success.json" />
    <testcase classname="schema.core_api" name="12_security_violation_with_pii_flag.json" />
    <testcase classname="schema.core_api" name="13_model_inference_with_cv_flag.json" />
    <testcase classname="schema.core_api" name="14_staging_env_with_all_http_methods.json" />
    <testcase classname="schema.core_api" name="15_shutdown_event.json" />
    <testcase classname="schema.core_api" name="16_http_request_received.json" />
  </testsuite>
  <testsuite name="schema-llm" tests="15" failures="0" skipped="0">
    <testcase classname="schema.llm" name="01_bad_pipeline_stage.json" />
    <testcase classname="schema.llm" name="02_negative_latency.json" />
    <testcase classname="schema.llm" name="03_missing_required_meta.json" />
    <testcase classname="schema.llm" name="04_vocab_violation_level.json" />
    <testcase classname="schema.llm" name="05_missing_error_on_failure.json" />
    <testcase classname="schema.llm" name="01_serve.json" />
    <testcase classname="schema.llm" name="02_tokenizer.json" />
    <testcase classname="schema.llm" name="03_quant.json" />
    <testcase classname="schema.llm" name="04_load.json" />
    <testcase classname="schema.llm" name="05_inference_success.json" />
    <testcase classname="schema.llm" name="06_rag_retrieve.json" />
    <testcase classname="schema.llm" name="07_rag_embed.json" />
    <testcase classname="schema.llm" name="08_rag_rerank.json" />
    <testcase classname="schema.llm" name="09_safety_check.json" />
    <testcase classname="schema.llm" name="10_sampling.json" />
  </testsuite>
</testsuites>